The system is: Linux - 4.19.12-1.el7.elrepo.x86_64 - x86_64
Compiling the C compiler identification source file "CMakeCCompilerId.c" succeeded.
Compiler: /opt/modules/mpi/openmpi-4.0.2a1/bin/mpicc 
Build flags: 
Id flags: 

The output was:
0


Compilation of the C compiler identification source "CMakeCCompilerId.c" produced "a.out"

The C compiler identification is GNU, found in "/home/common/KAiTP/pd79502/Mpi_1_MapReduce/CMakeFiles/2.8.12.2/CompilerIdC/a.out"

Compiling the CXX compiler identification source file "CMakeCXXCompilerId.cpp" succeeded.
Compiler: /opt/modules/mpi/openmpi-4.0.2a1/bin/mpic++ 
Build flags: 
Id flags: 

The output was:
0


Compilation of the CXX compiler identification source "CMakeCXXCompilerId.cpp" produced "a.out"

The CXX compiler identification is GNU, found in "/home/common/KAiTP/pd79502/Mpi_1_MapReduce/CMakeFiles/2.8.12.2/CompilerIdCXX/a.out"

Determining if the C compiler works passed with the following output:
Change Dir: /home/common/KAiTP/pd79502/Mpi_1_MapReduce/CMakeFiles/CMakeTmp

Run Build Command:/usr/bin/gmake "cmTryCompileExec171231212/fast"
/usr/bin/gmake -f CMakeFiles/cmTryCompileExec171231212.dir/build.make CMakeFiles/cmTryCompileExec171231212.dir/build
gmake[1]: Entering directory `/home/common/KAiTP/pd79502/Mpi_1_MapReduce/CMakeFiles/CMakeTmp'
/usr/bin/cmake -E cmake_progress_report /home/common/KAiTP/pd79502/Mpi_1_MapReduce/CMakeFiles/CMakeTmp/CMakeFiles 1
Building C object CMakeFiles/cmTryCompileExec171231212.dir/testCCompiler.c.o
/opt/modules/mpi/openmpi-4.0.2a1/bin/mpicc    -o CMakeFiles/cmTryCompileExec171231212.dir/testCCompiler.c.o   -c /home/common/KAiTP/pd79502/Mpi_1_MapReduce/CMakeFiles/CMakeTmp/testCCompiler.c
Linking C executable cmTryCompileExec171231212
/usr/bin/cmake -E cmake_link_script CMakeFiles/cmTryCompileExec171231212.dir/link.txt --verbose=1
/opt/modules/mpi/openmpi-4.0.2a1/bin/mpicc       CMakeFiles/cmTryCompileExec171231212.dir/testCCompiler.c.o  -o cmTryCompileExec171231212 -rdynamic 
gmake[1]: Leaving directory `/home/common/KAiTP/pd79502/Mpi_1_MapReduce/CMakeFiles/CMakeTmp'


Detecting C compiler ABI info compiled with the following output:
Change Dir: /home/common/KAiTP/pd79502/Mpi_1_MapReduce/CMakeFiles/CMakeTmp

Run Build Command:/usr/bin/gmake "cmTryCompileExec67106760/fast"
/usr/bin/gmake -f CMakeFiles/cmTryCompileExec67106760.dir/build.make CMakeFiles/cmTryCompileExec67106760.dir/build
gmake[1]: Entering directory `/home/common/KAiTP/pd79502/Mpi_1_MapReduce/CMakeFiles/CMakeTmp'
/usr/bin/cmake -E cmake_progress_report /home/common/KAiTP/pd79502/Mpi_1_MapReduce/CMakeFiles/CMakeTmp/CMakeFiles 1
Building C object CMakeFiles/cmTryCompileExec67106760.dir/CMakeCCompilerABI.c.o
/opt/modules/mpi/openmpi-4.0.2a1/bin/mpicc    -o CMakeFiles/cmTryCompileExec67106760.dir/CMakeCCompilerABI.c.o   -c /usr/share/cmake/Modules/CMakeCCompilerABI.c
Linking C executable cmTryCompileExec67106760
/usr/bin/cmake -E cmake_link_script CMakeFiles/cmTryCompileExec67106760.dir/link.txt --verbose=1
/opt/modules/mpi/openmpi-4.0.2a1/bin/mpicc     -v CMakeFiles/cmTryCompileExec67106760.dir/CMakeCCompilerABI.c.o  -o cmTryCompileExec67106760 -rdynamic  
Using built-in specs.
COLLECT_GCC=/usr/bin/gcc
COLLECT_LTO_WRAPPER=/usr/libexec/gcc/x86_64-redhat-linux/4.8.5/lto-wrapper
Target: x86_64-redhat-linux
Configured with: ../configure --prefix=/usr --mandir=/usr/share/man --infodir=/usr/share/info --with-bugurl=http://bugzilla.redhat.com/bugzilla --enable-bootstrap --enable-shared --enable-threads=posix --enable-checking=release --with-system-zlib --enable-__cxa_atexit --disable-libunwind-exceptions --enable-gnu-unique-object --enable-linker-build-id --with-linker-hash-style=gnu --enable-languages=c,c++,objc,obj-c++,java,fortran,ada,go,lto --enable-plugin --enable-initfini-array --disable-libgcj --with-isl=/builddir/build/BUILD/gcc-4.8.5-20150702/obj-x86_64-redhat-linux/isl-install --with-cloog=/builddir/build/BUILD/gcc-4.8.5-20150702/obj-x86_64-redhat-linux/cloog-install --enable-gnu-indirect-function --with-tune=generic --with-arch_32=x86-64 --build=x86_64-redhat-linux
Thread model: posix
gcc version 4.8.5 20150623 (Red Hat 4.8.5-39) (GCC) 
COMPILER_PATH=/usr/libexec/gcc/x86_64-redhat-linux/4.8.5/:/usr/libexec/gcc/x86_64-redhat-linux/4.8.5/:/usr/libexec/gcc/x86_64-redhat-linux/:/usr/lib/gcc/x86_64-redhat-linux/4.8.5/:/usr/lib/gcc/x86_64-redhat-linux/
LIBRARY_PATH=/usr/lib/gcc/x86_64-redhat-linux/4.8.5/:/usr/lib/gcc/x86_64-redhat-linux/4.8.5/../../../../lib64/:/lib/../lib64/:/usr/lib/../lib64/:/usr/lib/gcc/x86_64-redhat-linux/4.8.5/../../../:/lib/:/usr/lib/
COLLECT_GCC_OPTIONS='-v' '-o' 'cmTryCompileExec67106760' '-rdynamic' '-I' '/usr/mpi/gcc/openmpi-4.0.2a1/include/openmpi' '-I' '/usr/mpi/gcc/openmpi-4.0.2a1/include/openmpi/opal/mca/hwloc/hwloc201/hwloc/include' '-I' '/usr/mpi/gcc/openmpi-4.0.2a1/include/openmpi/opal/mca/event/libevent2022/libevent' '-I' '/usr/mpi/gcc/openmpi-4.0.2a1/include/openmpi/opal/mca/event/libevent2022/libevent/include' '-I' '/usr/mpi/gcc/openmpi-4.0.2a1/include' '-pthread' '-L/usr/mpi/gcc/openmpi-4.0.2a1/lib64' '-mtune=generic' '-march=x86-64'
 /usr/libexec/gcc/x86_64-redhat-linux/4.8.5/collect2 --build-id --no-add-needed --eh-frame-hdr --hash-style=gnu -m elf_x86_64 -export-dynamic -dynamic-linker /lib64/ld-linux-x86-64.so.2 -o cmTryCompileExec67106760 /usr/lib/gcc/x86_64-redhat-linux/4.8.5/../../../../lib64/crt1.o /usr/lib/gcc/x86_64-redhat-linux/4.8.5/../../../../lib64/crti.o /usr/lib/gcc/x86_64-redhat-linux/4.8.5/crtbegin.o -L/usr/mpi/gcc/openmpi-4.0.2a1/lib64 -L/usr/lib/gcc/x86_64-redhat-linux/4.8.5 -L/usr/lib/gcc/x86_64-redhat-linux/4.8.5/../../../../lib64 -L/lib/../lib64 -L/usr/lib/../lib64 -L/usr/lib/gcc/x86_64-redhat-linux/4.8.5/../../.. CMakeFiles/cmTryCompileExec67106760.dir/CMakeCCompilerABI.c.o -rpath /usr/mpi/gcc/openmpi-4.0.2a1/lib64 --enable-new-dtags -lmpi -lgcc --as-needed -lgcc_s --no-as-needed -lpthread -lc -lgcc --as-needed -lgcc_s --no-as-needed /usr/lib/gcc/x86_64-redhat-linux/4.8.5/crtend.o /usr/lib/gcc/x86_64-redhat-linux/4.8.5/../../../../lib64/crtn.o
gmake[1]: Leaving directory `/home/common/KAiTP/pd79502/Mpi_1_MapReduce/CMakeFiles/CMakeTmp'


Parsed C implicit link information from above output:
  link line regex: [^( *|.*[/\])(ld|([^/\]+-)?ld|collect2)[^/\]*( |$)]
  ignore line: [Change Dir: /home/common/KAiTP/pd79502/Mpi_1_MapReduce/CMakeFiles/CMakeTmp]
  ignore line: []
  ignore line: [Run Build Command:/usr/bin/gmake "cmTryCompileExec67106760/fast"]
  ignore line: [/usr/bin/gmake -f CMakeFiles/cmTryCompileExec67106760.dir/build.make CMakeFiles/cmTryCompileExec67106760.dir/build]
  ignore line: [gmake[1]: Entering directory `/home/common/KAiTP/pd79502/Mpi_1_MapReduce/CMakeFiles/CMakeTmp']
  ignore line: [/usr/bin/cmake -E cmake_progress_report /home/common/KAiTP/pd79502/Mpi_1_MapReduce/CMakeFiles/CMakeTmp/CMakeFiles 1]
  ignore line: [Building C object CMakeFiles/cmTryCompileExec67106760.dir/CMakeCCompilerABI.c.o]
  ignore line: [/opt/modules/mpi/openmpi-4.0.2a1/bin/mpicc    -o CMakeFiles/cmTryCompileExec67106760.dir/CMakeCCompilerABI.c.o   -c /usr/share/cmake/Modules/CMakeCCompilerABI.c]
  ignore line: [Linking C executable cmTryCompileExec67106760]
  ignore line: [/usr/bin/cmake -E cmake_link_script CMakeFiles/cmTryCompileExec67106760.dir/link.txt --verbose=1]
  ignore line: [/opt/modules/mpi/openmpi-4.0.2a1/bin/mpicc     -v CMakeFiles/cmTryCompileExec67106760.dir/CMakeCCompilerABI.c.o  -o cmTryCompileExec67106760 -rdynamic  ]
  ignore line: [Using built-in specs.]
  ignore line: [COLLECT_GCC=/usr/bin/gcc]
  ignore line: [COLLECT_LTO_WRAPPER=/usr/libexec/gcc/x86_64-redhat-linux/4.8.5/lto-wrapper]
  ignore line: [Target: x86_64-redhat-linux]
  ignore line: [Configured with: ../configure --prefix=/usr --mandir=/usr/share/man --infodir=/usr/share/info --with-bugurl=http://bugzilla.redhat.com/bugzilla --enable-bootstrap --enable-shared --enable-threads=posix --enable-checking=release --with-system-zlib --enable-__cxa_atexit --disable-libunwind-exceptions --enable-gnu-unique-object --enable-linker-build-id --with-linker-hash-style=gnu --enable-languages=c,c++,objc,obj-c++,java,fortran,ada,go,lto --enable-plugin --enable-initfini-array --disable-libgcj --with-isl=/builddir/build/BUILD/gcc-4.8.5-20150702/obj-x86_64-redhat-linux/isl-install --with-cloog=/builddir/build/BUILD/gcc-4.8.5-20150702/obj-x86_64-redhat-linux/cloog-install --enable-gnu-indirect-function --with-tune=generic --with-arch_32=x86-64 --build=x86_64-redhat-linux]
  ignore line: [Thread model: posix]
  ignore line: [gcc version 4.8.5 20150623 (Red Hat 4.8.5-39) (GCC) ]
  ignore line: [COMPILER_PATH=/usr/libexec/gcc/x86_64-redhat-linux/4.8.5/:/usr/libexec/gcc/x86_64-redhat-linux/4.8.5/:/usr/libexec/gcc/x86_64-redhat-linux/:/usr/lib/gcc/x86_64-redhat-linux/4.8.5/:/usr/lib/gcc/x86_64-redhat-linux/]
  ignore line: [LIBRARY_PATH=/usr/lib/gcc/x86_64-redhat-linux/4.8.5/:/usr/lib/gcc/x86_64-redhat-linux/4.8.5/../../../../lib64/:/lib/../lib64/:/usr/lib/../lib64/:/usr/lib/gcc/x86_64-redhat-linux/4.8.5/../../../:/lib/:/usr/lib/]
  ignore line: [COLLECT_GCC_OPTIONS='-v' '-o' 'cmTryCompileExec67106760' '-rdynamic' '-I' '/usr/mpi/gcc/openmpi-4.0.2a1/include/openmpi' '-I' '/usr/mpi/gcc/openmpi-4.0.2a1/include/openmpi/opal/mca/hwloc/hwloc201/hwloc/include' '-I' '/usr/mpi/gcc/openmpi-4.0.2a1/include/openmpi/opal/mca/event/libevent2022/libevent' '-I' '/usr/mpi/gcc/openmpi-4.0.2a1/include/openmpi/opal/mca/event/libevent2022/libevent/include' '-I' '/usr/mpi/gcc/openmpi-4.0.2a1/include' '-pthread' '-L/usr/mpi/gcc/openmpi-4.0.2a1/lib64' '-mtune=generic' '-march=x86-64']
  link line: [ /usr/libexec/gcc/x86_64-redhat-linux/4.8.5/collect2 --build-id --no-add-needed --eh-frame-hdr --hash-style=gnu -m elf_x86_64 -export-dynamic -dynamic-linker /lib64/ld-linux-x86-64.so.2 -o cmTryCompileExec67106760 /usr/lib/gcc/x86_64-redhat-linux/4.8.5/../../../../lib64/crt1.o /usr/lib/gcc/x86_64-redhat-linux/4.8.5/../../../../lib64/crti.o /usr/lib/gcc/x86_64-redhat-linux/4.8.5/crtbegin.o -L/usr/mpi/gcc/openmpi-4.0.2a1/lib64 -L/usr/lib/gcc/x86_64-redhat-linux/4.8.5 -L/usr/lib/gcc/x86_64-redhat-linux/4.8.5/../../../../lib64 -L/lib/../lib64 -L/usr/lib/../lib64 -L/usr/lib/gcc/x86_64-redhat-linux/4.8.5/../../.. CMakeFiles/cmTryCompileExec67106760.dir/CMakeCCompilerABI.c.o -rpath /usr/mpi/gcc/openmpi-4.0.2a1/lib64 --enable-new-dtags -lmpi -lgcc --as-needed -lgcc_s --no-as-needed -lpthread -lc -lgcc --as-needed -lgcc_s --no-as-needed /usr/lib/gcc/x86_64-redhat-linux/4.8.5/crtend.o /usr/lib/gcc/x86_64-redhat-linux/4.8.5/../../../../lib64/crtn.o]
    arg [/usr/libexec/gcc/x86_64-redhat-linux/4.8.5/collect2] ==> ignore
    arg [--build-id] ==> ignore
    arg [--no-add-needed] ==> ignore
    arg [--eh-frame-hdr] ==> ignore
    arg [--hash-style=gnu] ==> ignore
    arg [-m] ==> ignore
    arg [elf_x86_64] ==> ignore
    arg [-export-dynamic] ==> ignore
    arg [-dynamic-linker] ==> ignore
    arg [/lib64/ld-linux-x86-64.so.2] ==> ignore
    arg [-o] ==> ignore
    arg [cmTryCompileExec67106760] ==> ignore
    arg [/usr/lib/gcc/x86_64-redhat-linux/4.8.5/../../../../lib64/crt1.o] ==> ignore
    arg [/usr/lib/gcc/x86_64-redhat-linux/4.8.5/../../../../lib64/crti.o] ==> ignore
    arg [/usr/lib/gcc/x86_64-redhat-linux/4.8.5/crtbegin.o] ==> ignore
    arg [-L/usr/mpi/gcc/openmpi-4.0.2a1/lib64] ==> dir [/usr/mpi/gcc/openmpi-4.0.2a1/lib64]
    arg [-L/usr/lib/gcc/x86_64-redhat-linux/4.8.5] ==> dir [/usr/lib/gcc/x86_64-redhat-linux/4.8.5]
    arg [-L/usr/lib/gcc/x86_64-redhat-linux/4.8.5/../../../../lib64] ==> dir [/usr/lib/gcc/x86_64-redhat-linux/4.8.5/../../../../lib64]
    arg [-L/lib/../lib64] ==> dir [/lib/../lib64]
    arg [-L/usr/lib/../lib64] ==> dir [/usr/lib/../lib64]
    arg [-L/usr/lib/gcc/x86_64-redhat-linux/4.8.5/../../..] ==> dir [/usr/lib/gcc/x86_64-redhat-linux/4.8.5/../../..]
    arg [CMakeFiles/cmTryCompileExec67106760.dir/CMakeCCompilerABI.c.o] ==> ignore
    arg [-rpath] ==> ignore
    arg [/usr/mpi/gcc/openmpi-4.0.2a1/lib64] ==> ignore
    arg [--enable-new-dtags] ==> ignore
    arg [-lmpi] ==> lib [mpi]
    arg [-lgcc] ==> lib [gcc]
    arg [--as-needed] ==> ignore
    arg [-lgcc_s] ==> lib [gcc_s]
    arg [--no-as-needed] ==> ignore
    arg [-lpthread] ==> lib [pthread]
    arg [-lc] ==> lib [c]
    arg [-lgcc] ==> lib [gcc]
    arg [--as-needed] ==> ignore
    arg [-lgcc_s] ==> lib [gcc_s]
    arg [--no-as-needed] ==> ignore
    arg [/usr/lib/gcc/x86_64-redhat-linux/4.8.5/crtend.o] ==> ignore
    arg [/usr/lib/gcc/x86_64-redhat-linux/4.8.5/../../../../lib64/crtn.o] ==> ignore
  remove lib [gcc]
  remove lib [gcc_s]
  remove lib [gcc]
  remove lib [gcc_s]
  collapse library dir [/usr/mpi/gcc/openmpi-4.0.2a1/lib64] ==> [/usr/mpi/gcc/openmpi-4.0.2a1/lib64]
  collapse library dir [/usr/lib/gcc/x86_64-redhat-linux/4.8.5] ==> [/usr/lib/gcc/x86_64-redhat-linux/4.8.5]
  collapse library dir [/usr/lib/gcc/x86_64-redhat-linux/4.8.5/../../../../lib64] ==> [/usr/lib64]
  collapse library dir [/lib/../lib64] ==> [/lib64]
  collapse library dir [/usr/lib/../lib64] ==> [/usr/lib64]
  collapse library dir [/usr/lib/gcc/x86_64-redhat-linux/4.8.5/../../..] ==> [/usr/lib]
  implicit libs: [mpi;pthread;c]
  implicit dirs: [/usr/mpi/gcc/openmpi-4.0.2a1/lib64;/usr/lib/gcc/x86_64-redhat-linux/4.8.5;/usr/lib64;/lib64;/usr/lib]
  implicit fwks: []


Determining if the CXX compiler works passed with the following output:
Change Dir: /home/common/KAiTP/pd79502/Mpi_1_MapReduce/CMakeFiles/CMakeTmp

Run Build Command:/usr/bin/gmake "cmTryCompileExec3807273507/fast"
/usr/bin/gmake -f CMakeFiles/cmTryCompileExec3807273507.dir/build.make CMakeFiles/cmTryCompileExec3807273507.dir/build
gmake[1]: Entering directory `/home/common/KAiTP/pd79502/Mpi_1_MapReduce/CMakeFiles/CMakeTmp'
/usr/bin/cmake -E cmake_progress_report /home/common/KAiTP/pd79502/Mpi_1_MapReduce/CMakeFiles/CMakeTmp/CMakeFiles 1
Building CXX object CMakeFiles/cmTryCompileExec3807273507.dir/testCXXCompiler.cxx.o
/opt/modules/mpi/openmpi-4.0.2a1/bin/mpic++     -o CMakeFiles/cmTryCompileExec3807273507.dir/testCXXCompiler.cxx.o -c /home/common/KAiTP/pd79502/Mpi_1_MapReduce/CMakeFiles/CMakeTmp/testCXXCompiler.cxx
Linking CXX executable cmTryCompileExec3807273507
/usr/bin/cmake -E cmake_link_script CMakeFiles/cmTryCompileExec3807273507.dir/link.txt --verbose=1
/opt/modules/mpi/openmpi-4.0.2a1/bin/mpic++        CMakeFiles/cmTryCompileExec3807273507.dir/testCXXCompiler.cxx.o  -o cmTryCompileExec3807273507 -rdynamic 
gmake[1]: Leaving directory `/home/common/KAiTP/pd79502/Mpi_1_MapReduce/CMakeFiles/CMakeTmp'


Detecting CXX compiler ABI info compiled with the following output:
Change Dir: /home/common/KAiTP/pd79502/Mpi_1_MapReduce/CMakeFiles/CMakeTmp

Run Build Command:/usr/bin/gmake "cmTryCompileExec565866867/fast"
/usr/bin/gmake -f CMakeFiles/cmTryCompileExec565866867.dir/build.make CMakeFiles/cmTryCompileExec565866867.dir/build
gmake[1]: Entering directory `/home/common/KAiTP/pd79502/Mpi_1_MapReduce/CMakeFiles/CMakeTmp'
/usr/bin/cmake -E cmake_progress_report /home/common/KAiTP/pd79502/Mpi_1_MapReduce/CMakeFiles/CMakeTmp/CMakeFiles 1
Building CXX object CMakeFiles/cmTryCompileExec565866867.dir/CMakeCXXCompilerABI.cpp.o
/opt/modules/mpi/openmpi-4.0.2a1/bin/mpic++     -o CMakeFiles/cmTryCompileExec565866867.dir/CMakeCXXCompilerABI.cpp.o -c /usr/share/cmake/Modules/CMakeCXXCompilerABI.cpp
Linking CXX executable cmTryCompileExec565866867
/usr/bin/cmake -E cmake_link_script CMakeFiles/cmTryCompileExec565866867.dir/link.txt --verbose=1
/opt/modules/mpi/openmpi-4.0.2a1/bin/mpic++      -v CMakeFiles/cmTryCompileExec565866867.dir/CMakeCXXCompilerABI.cpp.o  -o cmTryCompileExec565866867 -rdynamic  
Using built-in specs.
COLLECT_GCC=/usr/bin/g++
COLLECT_LTO_WRAPPER=/usr/libexec/gcc/x86_64-redhat-linux/4.8.5/lto-wrapper
Target: x86_64-redhat-linux
Configured with: ../configure --prefix=/usr --mandir=/usr/share/man --infodir=/usr/share/info --with-bugurl=http://bugzilla.redhat.com/bugzilla --enable-bootstrap --enable-shared --enable-threads=posix --enable-checking=release --with-system-zlib --enable-__cxa_atexit --disable-libunwind-exceptions --enable-gnu-unique-object --enable-linker-build-id --with-linker-hash-style=gnu --enable-languages=c,c++,objc,obj-c++,java,fortran,ada,go,lto --enable-plugin --enable-initfini-array --disable-libgcj --with-isl=/builddir/build/BUILD/gcc-4.8.5-20150702/obj-x86_64-redhat-linux/isl-install --with-cloog=/builddir/build/BUILD/gcc-4.8.5-20150702/obj-x86_64-redhat-linux/cloog-install --enable-gnu-indirect-function --with-tune=generic --with-arch_32=x86-64 --build=x86_64-redhat-linux
Thread model: posix
gcc version 4.8.5 20150623 (Red Hat 4.8.5-39) (GCC) 
COMPILER_PATH=/usr/libexec/gcc/x86_64-redhat-linux/4.8.5/:/usr/libexec/gcc/x86_64-redhat-linux/4.8.5/:/usr/libexec/gcc/x86_64-redhat-linux/:/usr/lib/gcc/x86_64-redhat-linux/4.8.5/:/usr/lib/gcc/x86_64-redhat-linux/
LIBRARY_PATH=/usr/lib/gcc/x86_64-redhat-linux/4.8.5/:/usr/lib/gcc/x86_64-redhat-linux/4.8.5/../../../../lib64/:/lib/../lib64/:/usr/lib/../lib64/:/usr/lib/gcc/x86_64-redhat-linux/4.8.5/../../../:/lib/:/usr/lib/
COLLECT_GCC_OPTIONS='-v' '-o' 'cmTryCompileExec565866867' '-rdynamic' '-I' '/usr/mpi/gcc/openmpi-4.0.2a1/include/openmpi' '-I' '/usr/mpi/gcc/openmpi-4.0.2a1/include/openmpi/opal/mca/hwloc/hwloc201/hwloc/include' '-I' '/usr/mpi/gcc/openmpi-4.0.2a1/include/openmpi/opal/mca/event/libevent2022/libevent' '-I' '/usr/mpi/gcc/openmpi-4.0.2a1/include/openmpi/opal/mca/event/libevent2022/libevent/include' '-I' '/usr/mpi/gcc/openmpi-4.0.2a1/include' '-pthread' '-L/usr/mpi/gcc/openmpi-4.0.2a1/lib64' '-shared-libgcc' '-mtune=generic' '-march=x86-64'
 /usr/libexec/gcc/x86_64-redhat-linux/4.8.5/collect2 --build-id --no-add-needed --eh-frame-hdr --hash-style=gnu -m elf_x86_64 -export-dynamic -dynamic-linker /lib64/ld-linux-x86-64.so.2 -o cmTryCompileExec565866867 /usr/lib/gcc/x86_64-redhat-linux/4.8.5/../../../../lib64/crt1.o /usr/lib/gcc/x86_64-redhat-linux/4.8.5/../../../../lib64/crti.o /usr/lib/gcc/x86_64-redhat-linux/4.8.5/crtbegin.o -L/usr/mpi/gcc/openmpi-4.0.2a1/lib64 -L/usr/lib/gcc/x86_64-redhat-linux/4.8.5 -L/usr/lib/gcc/x86_64-redhat-linux/4.8.5/../../../../lib64 -L/lib/../lib64 -L/usr/lib/../lib64 -L/usr/lib/gcc/x86_64-redhat-linux/4.8.5/../../.. CMakeFiles/cmTryCompileExec565866867.dir/CMakeCXXCompilerABI.cpp.o -rpath /usr/mpi/gcc/openmpi-4.0.2a1/lib64 --enable-new-dtags -lmpi -lstdc++ -lm -lgcc_s -lgcc -lpthread -lc -lgcc_s -lgcc /usr/lib/gcc/x86_64-redhat-linux/4.8.5/crtend.o /usr/lib/gcc/x86_64-redhat-linux/4.8.5/../../../../lib64/crtn.o
gmake[1]: Leaving directory `/home/common/KAiTP/pd79502/Mpi_1_MapReduce/CMakeFiles/CMakeTmp'


Parsed CXX implicit link information from above output:
  link line regex: [^( *|.*[/\])(ld|([^/\]+-)?ld|collect2)[^/\]*( |$)]
  ignore line: [Change Dir: /home/common/KAiTP/pd79502/Mpi_1_MapReduce/CMakeFiles/CMakeTmp]
  ignore line: []
  ignore line: [Run Build Command:/usr/bin/gmake "cmTryCompileExec565866867/fast"]
  ignore line: [/usr/bin/gmake -f CMakeFiles/cmTryCompileExec565866867.dir/build.make CMakeFiles/cmTryCompileExec565866867.dir/build]
  ignore line: [gmake[1]: Entering directory `/home/common/KAiTP/pd79502/Mpi_1_MapReduce/CMakeFiles/CMakeTmp']
  ignore line: [/usr/bin/cmake -E cmake_progress_report /home/common/KAiTP/pd79502/Mpi_1_MapReduce/CMakeFiles/CMakeTmp/CMakeFiles 1]
  ignore line: [Building CXX object CMakeFiles/cmTryCompileExec565866867.dir/CMakeCXXCompilerABI.cpp.o]
  ignore line: [/opt/modules/mpi/openmpi-4.0.2a1/bin/mpic++     -o CMakeFiles/cmTryCompileExec565866867.dir/CMakeCXXCompilerABI.cpp.o -c /usr/share/cmake/Modules/CMakeCXXCompilerABI.cpp]
  ignore line: [Linking CXX executable cmTryCompileExec565866867]
  ignore line: [/usr/bin/cmake -E cmake_link_script CMakeFiles/cmTryCompileExec565866867.dir/link.txt --verbose=1]
  ignore line: [/opt/modules/mpi/openmpi-4.0.2a1/bin/mpic++      -v CMakeFiles/cmTryCompileExec565866867.dir/CMakeCXXCompilerABI.cpp.o  -o cmTryCompileExec565866867 -rdynamic  ]
  ignore line: [Using built-in specs.]
  ignore line: [COLLECT_GCC=/usr/bin/g++]
  ignore line: [COLLECT_LTO_WRAPPER=/usr/libexec/gcc/x86_64-redhat-linux/4.8.5/lto-wrapper]
  ignore line: [Target: x86_64-redhat-linux]
  ignore line: [Configured with: ../configure --prefix=/usr --mandir=/usr/share/man --infodir=/usr/share/info --with-bugurl=http://bugzilla.redhat.com/bugzilla --enable-bootstrap --enable-shared --enable-threads=posix --enable-checking=release --with-system-zlib --enable-__cxa_atexit --disable-libunwind-exceptions --enable-gnu-unique-object --enable-linker-build-id --with-linker-hash-style=gnu --enable-languages=c,c++,objc,obj-c++,java,fortran,ada,go,lto --enable-plugin --enable-initfini-array --disable-libgcj --with-isl=/builddir/build/BUILD/gcc-4.8.5-20150702/obj-x86_64-redhat-linux/isl-install --with-cloog=/builddir/build/BUILD/gcc-4.8.5-20150702/obj-x86_64-redhat-linux/cloog-install --enable-gnu-indirect-function --with-tune=generic --with-arch_32=x86-64 --build=x86_64-redhat-linux]
  ignore line: [Thread model: posix]
  ignore line: [gcc version 4.8.5 20150623 (Red Hat 4.8.5-39) (GCC) ]
  ignore line: [COMPILER_PATH=/usr/libexec/gcc/x86_64-redhat-linux/4.8.5/:/usr/libexec/gcc/x86_64-redhat-linux/4.8.5/:/usr/libexec/gcc/x86_64-redhat-linux/:/usr/lib/gcc/x86_64-redhat-linux/4.8.5/:/usr/lib/gcc/x86_64-redhat-linux/]
  ignore line: [LIBRARY_PATH=/usr/lib/gcc/x86_64-redhat-linux/4.8.5/:/usr/lib/gcc/x86_64-redhat-linux/4.8.5/../../../../lib64/:/lib/../lib64/:/usr/lib/../lib64/:/usr/lib/gcc/x86_64-redhat-linux/4.8.5/../../../:/lib/:/usr/lib/]
  ignore line: [COLLECT_GCC_OPTIONS='-v' '-o' 'cmTryCompileExec565866867' '-rdynamic' '-I' '/usr/mpi/gcc/openmpi-4.0.2a1/include/openmpi' '-I' '/usr/mpi/gcc/openmpi-4.0.2a1/include/openmpi/opal/mca/hwloc/hwloc201/hwloc/include' '-I' '/usr/mpi/gcc/openmpi-4.0.2a1/include/openmpi/opal/mca/event/libevent2022/libevent' '-I' '/usr/mpi/gcc/openmpi-4.0.2a1/include/openmpi/opal/mca/event/libevent2022/libevent/include' '-I' '/usr/mpi/gcc/openmpi-4.0.2a1/include' '-pthread' '-L/usr/mpi/gcc/openmpi-4.0.2a1/lib64' '-shared-libgcc' '-mtune=generic' '-march=x86-64']
  link line: [ /usr/libexec/gcc/x86_64-redhat-linux/4.8.5/collect2 --build-id --no-add-needed --eh-frame-hdr --hash-style=gnu -m elf_x86_64 -export-dynamic -dynamic-linker /lib64/ld-linux-x86-64.so.2 -o cmTryCompileExec565866867 /usr/lib/gcc/x86_64-redhat-linux/4.8.5/../../../../lib64/crt1.o /usr/lib/gcc/x86_64-redhat-linux/4.8.5/../../../../lib64/crti.o /usr/lib/gcc/x86_64-redhat-linux/4.8.5/crtbegin.o -L/usr/mpi/gcc/openmpi-4.0.2a1/lib64 -L/usr/lib/gcc/x86_64-redhat-linux/4.8.5 -L/usr/lib/gcc/x86_64-redhat-linux/4.8.5/../../../../lib64 -L/lib/../lib64 -L/usr/lib/../lib64 -L/usr/lib/gcc/x86_64-redhat-linux/4.8.5/../../.. CMakeFiles/cmTryCompileExec565866867.dir/CMakeCXXCompilerABI.cpp.o -rpath /usr/mpi/gcc/openmpi-4.0.2a1/lib64 --enable-new-dtags -lmpi -lstdc++ -lm -lgcc_s -lgcc -lpthread -lc -lgcc_s -lgcc /usr/lib/gcc/x86_64-redhat-linux/4.8.5/crtend.o /usr/lib/gcc/x86_64-redhat-linux/4.8.5/../../../../lib64/crtn.o]
    arg [/usr/libexec/gcc/x86_64-redhat-linux/4.8.5/collect2] ==> ignore
    arg [--build-id] ==> ignore
    arg [--no-add-needed] ==> ignore
    arg [--eh-frame-hdr] ==> ignore
    arg [--hash-style=gnu] ==> ignore
    arg [-m] ==> ignore
    arg [elf_x86_64] ==> ignore
    arg [-export-dynamic] ==> ignore
    arg [-dynamic-linker] ==> ignore
    arg [/lib64/ld-linux-x86-64.so.2] ==> ignore
    arg [-o] ==> ignore
    arg [cmTryCompileExec565866867] ==> ignore
    arg [/usr/lib/gcc/x86_64-redhat-linux/4.8.5/../../../../lib64/crt1.o] ==> ignore
    arg [/usr/lib/gcc/x86_64-redhat-linux/4.8.5/../../../../lib64/crti.o] ==> ignore
    arg [/usr/lib/gcc/x86_64-redhat-linux/4.8.5/crtbegin.o] ==> ignore
    arg [-L/usr/mpi/gcc/openmpi-4.0.2a1/lib64] ==> dir [/usr/mpi/gcc/openmpi-4.0.2a1/lib64]
    arg [-L/usr/lib/gcc/x86_64-redhat-linux/4.8.5] ==> dir [/usr/lib/gcc/x86_64-redhat-linux/4.8.5]
    arg [-L/usr/lib/gcc/x86_64-redhat-linux/4.8.5/../../../../lib64] ==> dir [/usr/lib/gcc/x86_64-redhat-linux/4.8.5/../../../../lib64]
    arg [-L/lib/../lib64] ==> dir [/lib/../lib64]
    arg [-L/usr/lib/../lib64] ==> dir [/usr/lib/../lib64]
    arg [-L/usr/lib/gcc/x86_64-redhat-linux/4.8.5/../../..] ==> dir [/usr/lib/gcc/x86_64-redhat-linux/4.8.5/../../..]
    arg [CMakeFiles/cmTryCompileExec565866867.dir/CMakeCXXCompilerABI.cpp.o] ==> ignore
    arg [-rpath] ==> ignore
    arg [/usr/mpi/gcc/openmpi-4.0.2a1/lib64] ==> ignore
    arg [--enable-new-dtags] ==> ignore
    arg [-lmpi] ==> lib [mpi]
    arg [-lstdc++] ==> lib [stdc++]
    arg [-lm] ==> lib [m]
    arg [-lgcc_s] ==> lib [gcc_s]
    arg [-lgcc] ==> lib [gcc]
    arg [-lpthread] ==> lib [pthread]
    arg [-lc] ==> lib [c]
    arg [-lgcc_s] ==> lib [gcc_s]
    arg [-lgcc] ==> lib [gcc]
    arg [/usr/lib/gcc/x86_64-redhat-linux/4.8.5/crtend.o] ==> ignore
    arg [/usr/lib/gcc/x86_64-redhat-linux/4.8.5/../../../../lib64/crtn.o] ==> ignore
  remove lib [gcc_s]
  remove lib [gcc]
  remove lib [gcc_s]
  remove lib [gcc]
  collapse library dir [/usr/mpi/gcc/openmpi-4.0.2a1/lib64] ==> [/usr/mpi/gcc/openmpi-4.0.2a1/lib64]
  collapse library dir [/usr/lib/gcc/x86_64-redhat-linux/4.8.5] ==> [/usr/lib/gcc/x86_64-redhat-linux/4.8.5]
  collapse library dir [/usr/lib/gcc/x86_64-redhat-linux/4.8.5/../../../../lib64] ==> [/usr/lib64]
  collapse library dir [/lib/../lib64] ==> [/lib64]
  collapse library dir [/usr/lib/../lib64] ==> [/usr/lib64]
  collapse library dir [/usr/lib/gcc/x86_64-redhat-linux/4.8.5/../../..] ==> [/usr/lib]
  implicit libs: [mpi;stdc++;m;pthread;c]
  implicit dirs: [/usr/mpi/gcc/openmpi-4.0.2a1/lib64;/usr/lib/gcc/x86_64-redhat-linux/4.8.5;/usr/lib64;/lib64;/usr/lib]
  implicit fwks: []


